{"C:\\Users\\Christian.bonilla\\Documents\\React-Redux\\react-journal\\src\\firebase\\config.js": {"path":"C:\\Users\\Christian.bonilla\\Documents\\React-Redux\\react-journal\\src\\firebase\\config.js","statementMap":{"0":{"start":{"line":10,"column":23},"end":{"line":17,"column":1}},"1":{"start":{"line":20,"column":27},"end":{"line":20,"column":56}},"2":{"start":{"line":21,"column":28},"end":{"line":21,"column":48}},"3":{"start":{"line":22,"column":26},"end":{"line":22,"column":51}}},"fnMap":{},"branchMap":{},"s":{"0":2,"1":2,"2":2,"3":2},"f":{},"b":{},"_coverageSchema":"1a1c01bbd47fc00a2c39e90264f33305004495a9","hash":"975422091e2a75ef77e95947c1152248c3102368"}
,"C:\\Users\\Christian.bonilla\\Documents\\React-Redux\\react-journal\\src\\firebase\\providers.js": {"path":"C:\\Users\\Christian.bonilla\\Documents\\React-Redux\\react-journal\\src\\firebase\\providers.js","statementMap":{"0":{"start":{"line":4,"column":23},"end":{"line":4,"column":47}},"1":{"start":{"line":6,"column":32},"end":{"line":28,"column":1}},"2":{"start":{"line":7,"column":2},"end":{"line":27,"column":3}},"3":{"start":{"line":8,"column":19},"end":{"line":8,"column":70}},"4":{"start":{"line":9,"column":50},"end":{"line":9,"column":61}},"5":{"start":{"line":11,"column":4},"end":{"line":17,"column":5}},"6":{"start":{"line":19,"column":22},"end":{"line":19,"column":32}},"7":{"start":{"line":20,"column":25},"end":{"line":20,"column":38}},"8":{"start":{"line":22,"column":4},"end":{"line":26,"column":5}},"9":{"start":{"line":30,"column":37},"end":{"line":50,"column":1}},"10":{"start":{"line":31,"column":2},"end":{"line":49,"column":3}},"11":{"start":{"line":32,"column":17},"end":{"line":32,"column":84}},"12":{"start":{"line":33,"column":30},"end":{"line":33,"column":39}},"13":{"start":{"line":35,"column":4},"end":{"line":35,"column":67}},"14":{"start":{"line":36,"column":4},"end":{"line":42,"column":5}},"15":{"start":{"line":44,"column":4},"end":{"line":44,"column":23}},"16":{"start":{"line":45,"column":4},"end":{"line":48,"column":5}},"17":{"start":{"line":52,"column":41},"end":{"line":74,"column":1}},"18":{"start":{"line":53,"column":2},"end":{"line":73,"column":3}},"19":{"start":{"line":54,"column":19},"end":{"line":54,"column":82}},"20":{"start":{"line":59,"column":8},"end":{"line":59,"column":19}},"21":{"start":{"line":61,"column":4},"end":{"line":67,"column":5}},"22":{"start":{"line":69,"column":4},"end":{"line":72,"column":5}},"23":{"start":{"line":76,"column":30},"end":{"line":78,"column":1}},"24":{"start":{"line":77,"column":2},"end":{"line":77,"column":38}}},"fnMap":{"0":{"name":"(anonymous_0)","decl":{"start":{"line":6,"column":32},"end":{"line":6,"column":33}},"loc":{"start":{"line":6,"column":44},"end":{"line":28,"column":1}},"line":6},"1":{"name":"(anonymous_1)","decl":{"start":{"line":30,"column":37},"end":{"line":30,"column":38}},"loc":{"start":{"line":30,"column":81},"end":{"line":50,"column":1}},"line":30},"2":{"name":"(anonymous_2)","decl":{"start":{"line":52,"column":41},"end":{"line":52,"column":42}},"loc":{"start":{"line":52,"column":72},"end":{"line":74,"column":1}},"line":52},"3":{"name":"(anonymous_3)","decl":{"start":{"line":76,"column":30},"end":{"line":76,"column":31}},"loc":{"start":{"line":76,"column":42},"end":{"line":78,"column":1}},"line":76}},"branchMap":{},"s":{"0":1,"1":1,"2":0,"3":0,"4":0,"5":0,"6":0,"7":0,"8":0,"9":1,"10":0,"11":0,"12":0,"13":0,"14":0,"15":0,"16":0,"17":1,"18":0,"19":0,"20":0,"21":0,"22":0,"23":1,"24":0},"f":{"0":0,"1":0,"2":0,"3":0},"b":{},"_coverageSchema":"1a1c01bbd47fc00a2c39e90264f33305004495a9","hash":"38f5e6920dd07166b2465ef75c76d3d845324e30"}
,"C:\\Users\\Christian.bonilla\\Documents\\React-Redux\\react-journal\\src\\store\\auth\\authSlice.js": {"path":"C:\\Users\\Christian.bonilla\\Documents\\React-Redux\\react-journal\\src\\store\\auth\\authSlice.js","statementMap":{"0":{"start":{"line":3,"column":25},"end":{"line":34,"column":2}},"1":{"start":{"line":15,"column":6},"end":{"line":15,"column":37}},"2":{"start":{"line":16,"column":6},"end":{"line":16,"column":30}},"3":{"start":{"line":17,"column":6},"end":{"line":17,"column":34}},"4":{"start":{"line":18,"column":6},"end":{"line":18,"column":40}},"5":{"start":{"line":19,"column":6},"end":{"line":19,"column":46}},"6":{"start":{"line":20,"column":6},"end":{"line":20,"column":32}},"7":{"start":{"line":23,"column":6},"end":{"line":23,"column":41}},"8":{"start":{"line":24,"column":6},"end":{"line":24,"column":23}},"9":{"start":{"line":25,"column":6},"end":{"line":25,"column":25}},"10":{"start":{"line":26,"column":6},"end":{"line":26,"column":28}},"11":{"start":{"line":27,"column":6},"end":{"line":27,"column":31}},"12":{"start":{"line":28,"column":6},"end":{"line":28,"column":49}},"13":{"start":{"line":31,"column":6},"end":{"line":31,"column":32}},"14":{"start":{"line":36,"column":54},"end":{"line":36,"column":71}}},"fnMap":{"0":{"name":"(anonymous_0)","decl":{"start":{"line":14,"column":11},"end":{"line":14,"column":12}},"loc":{"start":{"line":14,"column":35},"end":{"line":21,"column":5}},"line":14},"1":{"name":"(anonymous_1)","decl":{"start":{"line":22,"column":12},"end":{"line":22,"column":13}},"loc":{"start":{"line":22,"column":36},"end":{"line":29,"column":5}},"line":22},"2":{"name":"(anonymous_2)","decl":{"start":{"line":30,"column":25},"end":{"line":30,"column":26}},"loc":{"start":{"line":30,"column":36},"end":{"line":32,"column":5}},"line":30}},"branchMap":{},"s":{"0":1,"1":1,"2":1,"3":1,"4":1,"5":1,"6":1,"7":2,"8":2,"9":2,"10":2,"11":2,"12":2,"13":1,"14":1},"f":{"0":1,"1":2,"2":1},"b":{},"_coverageSchema":"1a1c01bbd47fc00a2c39e90264f33305004495a9","hash":"a3e07fe8760d1c632c364efdfe28b77262d53bb5"}
,"C:\\Users\\Christian.bonilla\\Documents\\React-Redux\\react-journal\\src\\store\\auth\\index.js": {"path":"C:\\Users\\Christian.bonilla\\Documents\\React-Redux\\react-journal\\src\\store\\auth\\index.js","statementMap":{},"fnMap":{},"branchMap":{},"s":{},"f":{},"b":{},"_coverageSchema":"1a1c01bbd47fc00a2c39e90264f33305004495a9","hash":"80c920690eb80a5c8d70bee8783ea5ac42cd132d"}
,"C:\\Users\\Christian.bonilla\\Documents\\React-Redux\\react-journal\\src\\store\\auth\\thunks.js": {"path":"C:\\Users\\Christian.bonilla\\Documents\\React-Redux\\react-journal\\src\\store\\auth\\thunks.js","statementMap":{"0":{"start":{"line":5,"column":38},"end":{"line":11,"column":1}},"1":{"start":{"line":6,"column":2},"end":{"line":10,"column":3}},"2":{"start":{"line":7,"column":4},"end":{"line":7,"column":32}},"3":{"start":{"line":9,"column":4},"end":{"line":9,"column":36}},"4":{"start":{"line":13,"column":33},"end":{"line":25,"column":1}},"5":{"start":{"line":14,"column":2},"end":{"line":24,"column":3}},"6":{"start":{"line":15,"column":4},"end":{"line":15,"column":36}},"7":{"start":{"line":16,"column":19},"end":{"line":16,"column":43}},"8":{"start":{"line":18,"column":4},"end":{"line":21,"column":5}},"9":{"start":{"line":19,"column":6},"end":{"line":19,"column":43}},"10":{"start":{"line":20,"column":6},"end":{"line":20,"column":13}},"11":{"start":{"line":23,"column":4},"end":{"line":23,"column":28}},"12":{"start":{"line":27,"column":40},"end":{"line":53,"column":1}},"13":{"start":{"line":28,"column":2},"end":{"line":52,"column":3}},"14":{"start":{"line":29,"column":4},"end":{"line":31,"column":5}},"15":{"start":{"line":38,"column":8},"end":{"line":38,"column":69}},"16":{"start":{"line":40,"column":4},"end":{"line":45,"column":5}},"17":{"start":{"line":41,"column":6},"end":{"line":43,"column":8}},"18":{"start":{"line":44,"column":6},"end":{"line":44,"column":13}},"19":{"start":{"line":47,"column":4},"end":{"line":51,"column":6}},"20":{"start":{"line":55,"column":46},"end":{"line":83,"column":1}},"21":{"start":{"line":56,"column":2},"end":{"line":82,"column":3}},"22":{"start":{"line":57,"column":4},"end":{"line":57,"column":36}},"23":{"start":{"line":65,"column":8},"end":{"line":65,"column":60}},"24":{"start":{"line":67,"column":4},"end":{"line":74,"column":5}},"25":{"start":{"line":68,"column":6},"end":{"line":72,"column":7}},"26":{"start":{"line":73,"column":6},"end":{"line":73,"column":13}},"27":{"start":{"line":76,"column":4},"end":{"line":81,"column":8}},"28":{"start":{"line":85,"column":27},"end":{"line":91,"column":1}},"29":{"start":{"line":86,"column":2},"end":{"line":90,"column":3}},"30":{"start":{"line":87,"column":4},"end":{"line":87,"column":27}},"31":{"start":{"line":88,"column":4},"end":{"line":88,"column":23}},"32":{"start":{"line":89,"column":4},"end":{"line":89,"column":28}}},"fnMap":{"0":{"name":"(anonymous_0)","decl":{"start":{"line":5,"column":38},"end":{"line":5,"column":39}},"loc":{"start":{"line":5,"column":59},"end":{"line":11,"column":1}},"line":5},"1":{"name":"(anonymous_1)","decl":{"start":{"line":6,"column":9},"end":{"line":6,"column":10}},"loc":{"start":{"line":6,"column":29},"end":{"line":10,"column":3}},"line":6},"2":{"name":"(anonymous_2)","decl":{"start":{"line":13,"column":33},"end":{"line":13,"column":34}},"loc":{"start":{"line":13,"column":39},"end":{"line":25,"column":1}},"line":13},"3":{"name":"(anonymous_3)","decl":{"start":{"line":14,"column":9},"end":{"line":14,"column":10}},"loc":{"start":{"line":14,"column":29},"end":{"line":24,"column":3}},"line":14},"4":{"name":"(anonymous_4)","decl":{"start":{"line":27,"column":40},"end":{"line":27,"column":41}},"loc":{"start":{"line":27,"column":78},"end":{"line":53,"column":1}},"line":27},"5":{"name":"(anonymous_5)","decl":{"start":{"line":28,"column":9},"end":{"line":28,"column":10}},"loc":{"start":{"line":28,"column":29},"end":{"line":52,"column":3}},"line":28},"6":{"name":"(anonymous_6)","decl":{"start":{"line":55,"column":46},"end":{"line":55,"column":47}},"loc":{"start":{"line":55,"column":71},"end":{"line":83,"column":1}},"line":55},"7":{"name":"(anonymous_7)","decl":{"start":{"line":56,"column":9},"end":{"line":56,"column":10}},"loc":{"start":{"line":56,"column":29},"end":{"line":82,"column":3}},"line":56},"8":{"name":"(anonymous_8)","decl":{"start":{"line":85,"column":27},"end":{"line":85,"column":28}},"loc":{"start":{"line":85,"column":33},"end":{"line":91,"column":1}},"line":85},"9":{"name":"(anonymous_9)","decl":{"start":{"line":86,"column":9},"end":{"line":86,"column":10}},"loc":{"start":{"line":86,"column":29},"end":{"line":90,"column":3}},"line":86}},"branchMap":{"0":{"loc":{"start":{"line":18,"column":4},"end":{"line":21,"column":5}},"type":"if","locations":[{"start":{"line":18,"column":4},"end":{"line":21,"column":5}},{"start":{},"end":{}}],"line":18},"1":{"loc":{"start":{"line":40,"column":4},"end":{"line":45,"column":5}},"type":"if","locations":[{"start":{"line":40,"column":4},"end":{"line":45,"column":5}},{"start":{},"end":{}}],"line":40},"2":{"loc":{"start":{"line":67,"column":4},"end":{"line":74,"column":5}},"type":"if","locations":[{"start":{"line":67,"column":4},"end":{"line":74,"column":5}},{"start":{},"end":{}}],"line":67}},"s":{"0":1,"1":0,"2":0,"3":0,"4":1,"5":0,"6":0,"7":0,"8":0,"9":0,"10":0,"11":0,"12":1,"13":0,"14":0,"15":0,"16":0,"17":0,"18":0,"19":0,"20":1,"21":0,"22":0,"23":0,"24":0,"25":0,"26":0,"27":0,"28":1,"29":0,"30":0,"31":0,"32":0},"f":{"0":0,"1":0,"2":0,"3":0,"4":0,"5":0,"6":0,"7":0,"8":0,"9":0},"b":{"0":[0,0],"1":[0,0],"2":[0,0]},"_coverageSchema":"1a1c01bbd47fc00a2c39e90264f33305004495a9","hash":"8b5e42ebe4c435b7beef0ab0190ea0565cdf54f5"}
,"C:\\Users\\Christian.bonilla\\Documents\\React-Redux\\react-journal\\src\\store\\journal\\index.js": {"path":"C:\\Users\\Christian.bonilla\\Documents\\React-Redux\\react-journal\\src\\store\\journal\\index.js","statementMap":{},"fnMap":{},"branchMap":{},"s":{},"f":{},"b":{},"_coverageSchema":"1a1c01bbd47fc00a2c39e90264f33305004495a9","hash":"5c356f7a0382a4083a48737af5b279bbade046c3"}
,"C:\\Users\\Christian.bonilla\\Documents\\React-Redux\\react-journal\\src\\store\\journal\\journalSlice.js": {"path":"C:\\Users\\Christian.bonilla\\Documents\\React-Redux\\react-journal\\src\\store\\journal\\journalSlice.js","statementMap":{"0":{"start":{"line":3,"column":28},"end":{"line":64,"column":2}},"1":{"start":{"line":13,"column":6},"end":{"line":13,"column":28}},"2":{"start":{"line":16,"column":6},"end":{"line":16,"column":39}},"3":{"start":{"line":17,"column":6},"end":{"line":17,"column":29}},"4":{"start":{"line":20,"column":6},"end":{"line":20,"column":36}},"5":{"start":{"line":21,"column":6},"end":{"line":21,"column":30}},"6":{"start":{"line":24,"column":6},"end":{"line":24,"column":35}},"7":{"start":{"line":27,"column":6},"end":{"line":27,"column":28}},"8":{"start":{"line":28,"column":6},"end":{"line":28,"column":30}},"9":{"start":{"line":31,"column":6},"end":{"line":31,"column":29}},"10":{"start":{"line":33,"column":6},"end":{"line":39,"column":9}},"11":{"start":{"line":34,"column":8},"end":{"line":37,"column":9}},"12":{"start":{"line":36,"column":10},"end":{"line":36,"column":32}},"13":{"start":{"line":38,"column":8},"end":{"line":38,"column":19}},"14":{"start":{"line":41,"column":6},"end":{"line":41,"column":79}},"15":{"start":{"line":44,"column":6},"end":{"line":44,"column":29}},"16":{"start":{"line":45,"column":6},"end":{"line":48,"column":7}},"17":{"start":{"line":51,"column":6},"end":{"line":51,"column":29}},"18":{"start":{"line":52,"column":6},"end":{"line":52,"column":30}},"19":{"start":{"line":53,"column":6},"end":{"line":53,"column":23}},"20":{"start":{"line":54,"column":6},"end":{"line":54,"column":26}},"21":{"start":{"line":57,"column":6},"end":{"line":57,"column":29}},"22":{"start":{"line":58,"column":6},"end":{"line":58,"column":26}},"23":{"start":{"line":59,"column":6},"end":{"line":61,"column":8}},"24":{"start":{"line":60,"column":18},"end":{"line":60,"column":44}},"25":{"start":{"line":76,"column":4},"end":{"line":76,"column":24}}},"fnMap":{"0":{"name":"(anonymous_0)","decl":{"start":{"line":12,"column":16},"end":{"line":12,"column":17}},"loc":{"start":{"line":12,"column":27},"end":{"line":14,"column":5}},"line":12},"1":{"name":"(anonymous_1)","decl":{"start":{"line":15,"column":21},"end":{"line":15,"column":22}},"loc":{"start":{"line":15,"column":40},"end":{"line":18,"column":5}},"line":15},"2":{"name":"(anonymous_2)","decl":{"start":{"line":19,"column":19},"end":{"line":19,"column":20}},"loc":{"start":{"line":19,"column":38},"end":{"line":22,"column":5}},"line":19},"3":{"name":"(anonymous_3)","decl":{"start":{"line":23,"column":14},"end":{"line":23,"column":15}},"loc":{"start":{"line":23,"column":33},"end":{"line":25,"column":5}},"line":23},"4":{"name":"(anonymous_4)","decl":{"start":{"line":26,"column":15},"end":{"line":26,"column":16}},"loc":{"start":{"line":26,"column":26},"end":{"line":29,"column":5}},"line":26},"5":{"name":"(anonymous_5)","decl":{"start":{"line":30,"column":17},"end":{"line":30,"column":18}},"loc":{"start":{"line":30,"column":36},"end":{"line":42,"column":5}},"line":30},"6":{"name":"(anonymous_6)","decl":{"start":{"line":33,"column":36},"end":{"line":33,"column":37}},"loc":{"start":{"line":33,"column":46},"end":{"line":39,"column":7}},"line":33},"7":{"name":"(anonymous_7)","decl":{"start":{"line":43,"column":27},"end":{"line":43,"column":28}},"loc":{"start":{"line":43,"column":46},"end":{"line":49,"column":5}},"line":43},"8":{"name":"(anonymous_8)","decl":{"start":{"line":50,"column":18},"end":{"line":50,"column":19}},"loc":{"start":{"line":50,"column":29},"end":{"line":55,"column":5}},"line":50},"9":{"name":"(anonymous_9)","decl":{"start":{"line":56,"column":16},"end":{"line":56,"column":17}},"loc":{"start":{"line":56,"column":35},"end":{"line":62,"column":5}},"line":56},"10":{"name":"(anonymous_10)","decl":{"start":{"line":60,"column":8},"end":{"line":60,"column":9}},"loc":{"start":{"line":60,"column":18},"end":{"line":60,"column":44}},"line":60}},"branchMap":{"0":{"loc":{"start":{"line":34,"column":8},"end":{"line":37,"column":9}},"type":"if","locations":[{"start":{"line":34,"column":8},"end":{"line":37,"column":9}},{"start":{},"end":{}}],"line":34}},"s":{"0":1,"1":0,"2":0,"3":0,"4":0,"5":0,"6":0,"7":0,"8":0,"9":0,"10":0,"11":0,"12":0,"13":0,"14":0,"15":0,"16":0,"17":0,"18":0,"19":0,"20":0,"21":0,"22":0,"23":0,"24":0,"25":1},"f":{"0":0,"1":0,"2":0,"3":0,"4":0,"5":0,"6":0,"7":0,"8":0,"9":0,"10":0},"b":{"0":[0,0]},"_coverageSchema":"1a1c01bbd47fc00a2c39e90264f33305004495a9","hash":"ffc1ba48144f79bfd8aad941a436eb8b8db3e813"}
,"C:\\Users\\Christian.bonilla\\Documents\\React-Redux\\react-journal\\src\\store\\journal\\thunks.js": {"path":"C:\\Users\\Christian.bonilla\\Documents\\React-Redux\\react-journal\\src\\store\\journal\\thunks.js","statementMap":{"0":{"start":{"line":15,"column":28},"end":{"line":42,"column":1}},"1":{"start":{"line":16,"column":2},"end":{"line":41,"column":3}},"2":{"start":{"line":18,"column":4},"end":{"line":20,"column":6}},"3":{"start":{"line":22,"column":20},"end":{"line":22,"column":35}},"4":{"start":{"line":24,"column":20},"end":{"line":29,"column":5}},"5":{"start":{"line":31,"column":19},"end":{"line":31,"column":70}},"6":{"start":{"line":32,"column":4},"end":{"line":32,"column":34}},"7":{"start":{"line":34,"column":4},"end":{"line":34,"column":27}},"8":{"start":{"line":35,"column":4},"end":{"line":37,"column":6}},"9":{"start":{"line":38,"column":4},"end":{"line":40,"column":6}},"10":{"start":{"line":44,"column":33},"end":{"line":52,"column":1}},"11":{"start":{"line":45,"column":2},"end":{"line":51,"column":3}},"12":{"start":{"line":46,"column":20},"end":{"line":46,"column":35}},"13":{"start":{"line":48,"column":18},"end":{"line":48,"column":38}},"14":{"start":{"line":49,"column":4},"end":{"line":49,"column":29}},"15":{"start":{"line":54,"column":31},"end":{"line":73,"column":1}},"16":{"start":{"line":55,"column":2},"end":{"line":72,"column":3}},"17":{"start":{"line":56,"column":4},"end":{"line":58,"column":6}},"18":{"start":{"line":60,"column":20},"end":{"line":60,"column":35}},"19":{"start":{"line":61,"column":29},"end":{"line":61,"column":47}},"20":{"start":{"line":63,"column":28},"end":{"line":63,"column":39}},"21":{"start":{"line":64,"column":4},"end":{"line":64,"column":30}},"22":{"start":{"line":66,"column":19},"end":{"line":66,"column":69}},"23":{"start":{"line":67,"column":4},"end":{"line":67,"column":58}},"24":{"start":{"line":69,"column":4},"end":{"line":71,"column":6}},"25":{"start":{"line":76,"column":32},"end":{"line":92,"column":1}},"26":{"start":{"line":77,"column":2},"end":{"line":91,"column":3}},"27":{"start":{"line":78,"column":4},"end":{"line":78,"column":25}},"28":{"start":{"line":80,"column":30},"end":{"line":80,"column":32}},"29":{"start":{"line":82,"column":4},"end":{"line":84,"column":5}},"30":{"start":{"line":83,"column":6},"end":{"line":83,"column":46}},"31":{"start":{"line":86,"column":22},"end":{"line":86,"column":58}},"32":{"start":{"line":88,"column":4},"end":{"line":90,"column":6}},"33":{"start":{"line":94,"column":32},"end":{"line":105,"column":1}},"34":{"start":{"line":95,"column":2},"end":{"line":104,"column":3}},"35":{"start":{"line":96,"column":4},"end":{"line":96,"column":25}},"36":{"start":{"line":97,"column":20},"end":{"line":97,"column":35}},"37":{"start":{"line":98,"column":29},"end":{"line":98,"column":47}},"38":{"start":{"line":100,"column":19},"end":{"line":100,"column":69}},"39":{"start":{"line":101,"column":4},"end":{"line":101,"column":28}},"40":{"start":{"line":103,"column":4},"end":{"line":103,"column":34}}},"fnMap":{"0":{"name":"(anonymous_0)","decl":{"start":{"line":15,"column":28},"end":{"line":15,"column":29}},"loc":{"start":{"line":15,"column":34},"end":{"line":42,"column":1}},"line":15},"1":{"name":"(anonymous_1)","decl":{"start":{"line":16,"column":9},"end":{"line":16,"column":10}},"loc":{"start":{"line":16,"column":39},"end":{"line":41,"column":3}},"line":16},"2":{"name":"(anonymous_2)","decl":{"start":{"line":44,"column":33},"end":{"line":44,"column":34}},"loc":{"start":{"line":44,"column":39},"end":{"line":52,"column":1}},"line":44},"3":{"name":"(anonymous_3)","decl":{"start":{"line":45,"column":9},"end":{"line":45,"column":10}},"loc":{"start":{"line":45,"column":39},"end":{"line":51,"column":3}},"line":45},"4":{"name":"(anonymous_4)","decl":{"start":{"line":54,"column":31},"end":{"line":54,"column":32}},"loc":{"start":{"line":54,"column":37},"end":{"line":73,"column":1}},"line":54},"5":{"name":"(anonymous_5)","decl":{"start":{"line":55,"column":9},"end":{"line":55,"column":10}},"loc":{"start":{"line":55,"column":39},"end":{"line":72,"column":3}},"line":55},"6":{"name":"(anonymous_6)","decl":{"start":{"line":76,"column":32},"end":{"line":76,"column":33}},"loc":{"start":{"line":76,"column":48},"end":{"line":92,"column":1}},"line":76},"7":{"name":"(anonymous_7)","decl":{"start":{"line":77,"column":9},"end":{"line":77,"column":10}},"loc":{"start":{"line":77,"column":29},"end":{"line":91,"column":3}},"line":77},"8":{"name":"(anonymous_8)","decl":{"start":{"line":94,"column":32},"end":{"line":94,"column":33}},"loc":{"start":{"line":94,"column":38},"end":{"line":105,"column":1}},"line":94},"9":{"name":"(anonymous_9)","decl":{"start":{"line":95,"column":9},"end":{"line":95,"column":10}},"loc":{"start":{"line":95,"column":39},"end":{"line":104,"column":3}},"line":95}},"branchMap":{"0":{"loc":{"start":{"line":76,"column":33},"end":{"line":76,"column":43}},"type":"default-arg","locations":[{"start":{"line":76,"column":41},"end":{"line":76,"column":43}}],"line":76}},"s":{"0":1,"1":0,"2":0,"3":0,"4":0,"5":0,"6":0,"7":0,"8":0,"9":0,"10":1,"11":0,"12":0,"13":0,"14":0,"15":1,"16":0,"17":0,"18":0,"19":0,"20":0,"21":0,"22":0,"23":0,"24":0,"25":1,"26":0,"27":0,"28":0,"29":0,"30":0,"31":0,"32":0,"33":1,"34":0,"35":0,"36":0,"37":0,"38":0,"39":0,"40":0},"f":{"0":0,"1":0,"2":0,"3":0,"4":0,"5":0,"6":0,"7":0,"8":0,"9":0},"b":{"0":[0]},"_coverageSchema":"1a1c01bbd47fc00a2c39e90264f33305004495a9","hash":"964953caba070fe6468fe972b5354e9d52535956"}
,"C:\\Users\\Christian.bonilla\\Documents\\React-Redux\\react-journal\\src\\utils\\fileUpload.js": {"path":"C:\\Users\\Christian.bonilla\\Documents\\React-Redux\\react-journal\\src\\utils\\fileUpload.js","statementMap":{"0":{"start":{"line":2,"column":26},"end":{"line":27,"column":1}},"1":{"start":{"line":3,"column":24},"end":{"line":3,"column":74}},"2":{"start":{"line":5,"column":2},"end":{"line":5,"column":25}},"3":{"start":{"line":5,"column":13},"end":{"line":5,"column":25}},"4":{"start":{"line":7,"column":19},"end":{"line":7,"column":33}},"5":{"start":{"line":8,"column":2},"end":{"line":8,"column":52}},"6":{"start":{"line":9,"column":2},"end":{"line":9,"column":32}},"7":{"start":{"line":11,"column":2},"end":{"line":26,"column":3}},"8":{"start":{"line":13,"column":21},"end":{"line":16,"column":6}},"9":{"start":{"line":18,"column":4},"end":{"line":18,"column":58}},"10":{"start":{"line":18,"column":22},"end":{"line":18,"column":58}},"11":{"start":{"line":19,"column":22},"end":{"line":19,"column":43}},"12":{"start":{"line":21,"column":4},"end":{"line":21,"column":32}},"13":{"start":{"line":25,"column":4},"end":{"line":25,"column":16}}},"fnMap":{"0":{"name":"(anonymous_0)","decl":{"start":{"line":2,"column":26},"end":{"line":2,"column":27}},"loc":{"start":{"line":2,"column":42},"end":{"line":27,"column":1}},"line":2}},"branchMap":{"0":{"loc":{"start":{"line":5,"column":2},"end":{"line":5,"column":25}},"type":"if","locations":[{"start":{"line":5,"column":2},"end":{"line":5,"column":25}},{"start":{},"end":{}}],"line":5},"1":{"loc":{"start":{"line":18,"column":4},"end":{"line":18,"column":58}},"type":"if","locations":[{"start":{"line":18,"column":4},"end":{"line":18,"column":58}},{"start":{},"end":{}}],"line":18}},"s":{"0":2,"1":2,"2":2,"3":0,"4":2,"5":2,"6":2,"7":2,"8":2,"9":2,"10":1,"11":1,"12":1,"13":1},"f":{"0":2},"b":{"0":[0,2],"1":[1,1]},"_coverageSchema":"1a1c01bbd47fc00a2c39e90264f33305004495a9","hash":"f3623a7816f96880e273485ebcae5910e29be55d"}
,"C:\\Users\\Christian.bonilla\\Documents\\React-Redux\\react-journal\\src\\utils\\index.js": {"path":"C:\\Users\\Christian.bonilla\\Documents\\React-Redux\\react-journal\\src\\utils\\index.js","statementMap":{},"fnMap":{},"branchMap":{},"s":{},"f":{},"b":{},"_coverageSchema":"1a1c01bbd47fc00a2c39e90264f33305004495a9","hash":"54efb623385dbd178d2c5815d2368112b16f378a"}
,"C:\\Users\\Christian.bonilla\\Documents\\React-Redux\\react-journal\\src\\utils\\journalNotes.js": {"path":"C:\\Users\\Christian.bonilla\\Documents\\React-Redux\\react-journal\\src\\utils\\journalNotes.js","statementMap":{"0":{"start":{"line":4,"column":25},"end":{"line":16,"column":1}},"1":{"start":{"line":6,"column":4},"end":{"line":6,"column":52}},"2":{"start":{"line":6,"column":14},"end":{"line":6,"column":52}},"3":{"start":{"line":8,"column":26},"end":{"line":8,"column":72}},"4":{"start":{"line":9,"column":17},"end":{"line":9,"column":45}},"5":{"start":{"line":11,"column":18},"end":{"line":11,"column":20}},"6":{"start":{"line":12,"column":4},"end":{"line":14,"column":6}},"7":{"start":{"line":13,"column":8},"end":{"line":13,"column":49}},"8":{"start":{"line":15,"column":4},"end":{"line":15,"column":17}}},"fnMap":{"0":{"name":"(anonymous_0)","decl":{"start":{"line":4,"column":25},"end":{"line":4,"column":26}},"loc":{"start":{"line":4,"column":40},"end":{"line":16,"column":1}},"line":4},"1":{"name":"(anonymous_1)","decl":{"start":{"line":12,"column":17},"end":{"line":12,"column":18}},"loc":{"start":{"line":12,"column":26},"end":{"line":14,"column":5}},"line":12}},"branchMap":{"0":{"loc":{"start":{"line":6,"column":4},"end":{"line":6,"column":52}},"type":"if","locations":[{"start":{"line":6,"column":4},"end":{"line":6,"column":52}},{"start":{},"end":{}}],"line":6}},"s":{"0":2,"1":0,"2":0,"3":0,"4":0,"5":0,"6":0,"7":0,"8":0},"f":{"0":0,"1":0},"b":{"0":[0,0]},"_coverageSchema":"1a1c01bbd47fc00a2c39e90264f33305004495a9","hash":"d9c3c56c4bb60dfd3d881a7cf32a140d3d9e9bbf"}
,"C:\\Users\\Christian.bonilla\\Documents\\React-Redux\\react-journal\\tests\\fixtures\\authFixtures.js": {"path":"C:\\Users\\Christian.bonilla\\Documents\\React-Redux\\react-journal\\tests\\fixtures\\authFixtures.js","statementMap":{"0":{"start":{"line":1,"column":28},"end":{"line":8,"column":1}},"1":{"start":{"line":10,"column":33},"end":{"line":17,"column":1}},"2":{"start":{"line":19,"column":36},"end":{"line":26,"column":1}},"3":{"start":{"line":28,"column":24},"end":{"line":33,"column":1}}},"fnMap":{},"branchMap":{},"s":{"0":1,"1":1,"2":1,"3":1},"f":{},"b":{},"_coverageSchema":"1a1c01bbd47fc00a2c39e90264f33305004495a9","hash":"f3e46b2944593b4b43c539923aa0c7f3d9bcff75"}
}
